[debug] [2020-10-09T13:56:09.894Z] ----------------------------------------------------------------------
[debug] [2020-10-09T13:56:09.897Z] Command:       C:\Program Files\nodejs\node.exe C:\Users\user\AppData\Roaming\npm\node_modules\firebase-tools\lib\bin\firebase.js emulators:start
[debug] [2020-10-09T13:56:09.898Z] CLI Version:   8.11.2
[debug] [2020-10-09T13:56:09.898Z] Platform:      win32
[debug] [2020-10-09T13:56:09.898Z] Node Version:  v12.19.0
[debug] [2020-10-09T13:56:09.912Z] Time:          Fri Oct 09 2020 19:56:09 GMT+0600 (Bangladesh Standard Time)
[debug] [2020-10-09T13:56:09.912Z] ----------------------------------------------------------------------
[debug] [2020-10-09T13:56:09.912Z] 
[debug] [2020-10-09T13:56:09.928Z] > command requires scopes: ["email","openid","https://www.googleapis.com/auth/cloudplatformprojects.readonly","https://www.googleapis.com/auth/firebase","https://www.googleapis.com/auth/cloud-platform"]
[debug] [2020-10-09T13:56:09.929Z] > authorizing via signed-in user
[info] i  emulators: Starting emulators: functions, hosting {"metadata":{"emulator":{"name":"hub"},"message":"Starting emulators: functions, hosting"}}
[warn] !  emulators: It seems that you are running multiple instances of the emulator suite for project clone-react-d7b9d. This may result in unexpected behavior. 
[debug] [2020-10-09T13:56:09.991Z] [hub] writing locator at C:\Users\user\AppData\Local\Temp\hub-clone-react-d7b9d.json
[warn] !  functions: The following emulators are not running, calls to these services from the Functions emulator will affect production: auth, firestore, database, pubsub {"metadata":{"emulator":{"name":"functions"},"message":"The following emulators are not running, calls to these services from the Functions emulator will affect production: \u001b[1mauth, firestore, database, pubsub\u001b[22m"}}
[warn] !  Your requested "node" version "10" doesn't match your global version "12" {"metadata":{"emulator":{"name":"functions"},"message":"Your requested \"node\" version \"10\" doesn't match your global version \"12\""}}
[debug] [2020-10-09T13:56:10.172Z] defaultcredentials: writing to file C:\Users\user\AppData\Roaming\firebase\shahin_cuetcse_gmail.com_application_default_credentials.json
[debug] [2020-10-09T13:56:10.190Z] Setting GAC to C:\Users\user\AppData\Roaming\firebase\shahin_cuetcse_gmail.com_application_default_credentials.json {"metadata":{"emulator":{"name":"functions"},"message":"Setting GAC to C:\\Users\\user\\AppData\\Roaming\\firebase\\shahin_cuetcse_gmail.com_application_default_credentials.json"}}
[debug] [2020-10-09T13:56:10.227Z] > refreshing access token with scopes: ["email","https://www.googleapis.com/auth/cloud-platform","https://www.googleapis.com/auth/cloudplatformprojects.readonly","https://www.googleapis.com/auth/firebase","openid"]
[debug] [2020-10-09T13:56:10.228Z] >>> HTTP REQUEST POST https://www.googleapis.com/oauth2/v3/token  
 <request body omitted>
[debug] [2020-10-09T13:56:10.604Z] <<< HTTP RESPONSE 200 {"cache-control":"no-cache, no-store, max-age=0, must-revalidate","pragma":"no-cache","date":"Fri, 09 Oct 2020 13:56:11 GMT","expires":"Mon, 01 Jan 1990 00:00:00 GMT","content-type":"application/json; charset=utf-8","vary":"X-Origin, Referer, Origin,Accept-Encoding","server":"scaffolding on HTTPServer2","x-xss-protection":"0","x-frame-options":"SAMEORIGIN","x-content-type-options":"nosniff","alt-svc":"h3-Q050=\":443\"; ma=2592000,h3-29=\":443\"; ma=2592000,h3-27=\":443\"; ma=2592000,h3-T051=\":443\"; ma=2592000,h3-T050=\":443\"; ma=2592000,h3-Q046=\":443\"; ma=2592000,h3-Q043=\":443\"; ma=2592000,quic=\":443\"; ma=2592000; v=\"46,43\"","accept-ranges":"none","transfer-encoding":"chunked"}
[debug] [2020-10-09T13:56:10.616Z] >>> HTTP REQUEST GET https://firebase.googleapis.com/v1beta1/projects/clone-react-d7b9d/webApps/-/config  
 
[debug] [2020-10-09T13:56:11.984Z] <<< HTTP RESPONSE 200 {"content-type":"application/json; charset=UTF-8","vary":"X-Origin, Referer, Origin,Accept-Encoding","date":"Fri, 09 Oct 2020 13:56:12 GMT","server":"ESF","cache-control":"private","x-xss-protection":"0","x-frame-options":"SAMEORIGIN","x-content-type-options":"nosniff","alt-svc":"h3-Q050=\":443\"; ma=2592000,h3-29=\":443\"; ma=2592000,h3-27=\":443\"; ma=2592000,h3-T051=\":443\"; ma=2592000,h3-T050=\":443\"; ma=2592000,h3-Q046=\":443\"; ma=2592000,h3-Q043=\":443\"; ma=2592000,quic=\":443\"; ma=2592000; v=\"46,43\"","accept-ranges":"none","transfer-encoding":"chunked"}
[info] i  hosting: Serving hosting files from: build {"metadata":{"emulator":{"name":"hosting"},"message":"Serving hosting files from: \u001b[1mbuild\u001b[22m"}}
[info] +  hosting: Local server: http://localhost:5000 {"metadata":{"emulator":{"name":"hosting"},"message":"Local server: \u001b[4m\u001b[1mhttp://localhost:5000\u001b[22m\u001b[24m"}}
[warn] !  ui: Emulator UI unable to start on port 4000, starting on 4004 instead. {"metadata":{"emulator":{"name":"ui"},"message":"Emulator UI unable to start on port 4000, starting on 4004 instead."}}
[debug] [2020-10-09T13:56:12.118Z] Ignoring unsupported arg: auto_download {"metadata":{"emulator":{"name":"ui"},"message":"Ignoring unsupported arg: auto_download"}}
[debug] [2020-10-09T13:56:12.119Z] Ignoring unsupported arg: port {"metadata":{"emulator":{"name":"ui"},"message":"Ignoring unsupported arg: port"}}
[debug] [2020-10-09T13:56:12.119Z] Starting Emulator UI with command {"binary":"node","args":["C:\\Users\\user\\.cache\\firebase\\emulators\\ui-v1.1.1\\server.bundle.js"],"optionalArgs":[],"joinArgs":false} {"metadata":{"emulator":{"name":"ui"},"message":"Starting Emulator UI with command {\"binary\":\"node\",\"args\":[\"C:\\\\Users\\\\user\\\\.cache\\\\firebase\\\\emulators\\\\ui-v1.1.1\\\\server.bundle.js\"],\"optionalArgs\":[],\"joinArgs\":false}"}}
[info] i  ui: Emulator UI logging to ui-debug.log {"metadata":{"emulator":{"name":"ui"},"message":"Emulator UI logging to \u001b[1mui-debug.log\u001b[22m"}}
[debug] [2020-10-09T13:56:12.434Z] Web / API server started at http://localhost:4004
 {"metadata":{"emulator":{"name":"ui"},"message":"Web / API server started at http://localhost:4004\n"}}
[info] i  functions: Watching "H:\Web dev project\clone app\amazon-clone\functions" for Cloud Functions... {"metadata":{"emulator":{"name":"functions"},"message":"Watching \"H:\\Web dev project\\clone app\\amazon-clone\\functions\" for Cloud Functions..."}}
[debug] [2020-10-09T13:56:12.476Z] [worker-pool] addWorker(~diagnostic~) {"metadata":{"emulator":{"name":"functions"},"message":"[worker-pool] addWorker(~diagnostic~)"}}
[debug] [2020-10-09T13:56:12.477Z] [worker-pool] Adding worker with key ~diagnostic~, total=1 {"metadata":{"emulator":{"name":"functions"},"message":"[worker-pool] Adding worker with key ~diagnostic~, total=1"}}
[debug] [2020-10-09T13:56:12.477Z] [worker-pool] submitWork(triggerId=) {"metadata":{"emulator":{"name":"functions"},"message":"[worker-pool] submitWork(triggerId=)"}}
[debug] [2020-10-09T13:56:12.479Z] [worker-~diagnostic~-0827f258-5809-495d-b344-866f051c43b8]: Assigning socketPath: \\?\pipe\H:\Web dev project\clone app\amazon-clone\functions\4844 {"metadata":{"emulator":{"name":"functions"},"message":"[worker-~diagnostic~-0827f258-5809-495d-b344-866f051c43b8]: Assigning socketPath: \\\\?\\pipe\\H:\\Web dev project\\clone app\\amazon-clone\\functions\\4844"}}
[debug] [2020-10-09T13:56:12.480Z] [worker-~diagnostic~-0827f258-5809-495d-b344-866f051c43b8]: BUSY {"metadata":{"emulator":{"name":"functions"},"message":"[worker-~diagnostic~-0827f258-5809-495d-b344-866f051c43b8]: BUSY"}}
[debug] [2020-10-09T13:56:13.360Z] [runtime-status] [4844] Functions runtime initialized. {"cwd":"H:\\Web dev project\\clone app\\amazon-clone\\functions","node_version":"12.19.0"} {"metadata":{"emulator":{"name":"functions"},"message":"[runtime-status] [4844] Functions runtime initialized. {\"cwd\":\"H:\\\\Web dev project\\\\clone app\\\\amazon-clone\\\\functions\",\"node_version\":\"12.19.0\"}"}}
[debug] [2020-10-09T13:56:13.367Z] [runtime-status] [4844] Disabled runtime features: undefined {"metadata":{"emulator":{"name":"functions"},"message":"[runtime-status] [4844] Disabled runtime features: undefined"}}
[debug] [2020-10-09T13:56:13.407Z] [runtime-status] [4844] Resolved module firebase-admin {"declared":true,"installed":true,"version":"8.13.0","resolution":"H:\\Web dev project\\clone app\\amazon-clone\\functions\\node_modules\\firebase-admin\\lib\\index.js"} {"metadata":{"emulator":{"name":"functions"},"message":"[runtime-status] [4844] Resolved module firebase-admin {\"declared\":true,\"installed\":true,\"version\":\"8.13.0\",\"resolution\":\"H:\\\\Web dev project\\\\clone app\\\\amazon-clone\\\\functions\\\\node_modules\\\\firebase-admin\\\\lib\\\\index.js\"}"}}
[debug] [2020-10-09T13:56:13.431Z] [runtime-status] [4844] Resolved module firebase-functions {"declared":true,"installed":true,"version":"3.11.0","resolution":"H:\\Web dev project\\clone app\\amazon-clone\\functions\\node_modules\\firebase-functions\\lib\\index.js"} {"metadata":{"emulator":{"name":"functions"},"message":"[runtime-status] [4844] Resolved module firebase-functions {\"declared\":true,\"installed\":true,\"version\":\"3.11.0\",\"resolution\":\"H:\\\\Web dev project\\\\clone app\\\\amazon-clone\\\\functions\\\\node_modules\\\\firebase-functions\\\\lib\\\\index.js\"}"}}
[debug] [2020-10-09T13:56:13.433Z] [runtime-status] [4844] Resolved module firebase-functions {"declared":true,"installed":true,"version":"3.11.0","resolution":"H:\\Web dev project\\clone app\\amazon-clone\\functions\\node_modules\\firebase-functions\\lib\\index.js"} {"metadata":{"emulator":{"name":"functions"},"message":"[runtime-status] [4844] Resolved module firebase-functions {\"declared\":true,\"installed\":true,\"version\":\"3.11.0\",\"resolution\":\"H:\\\\Web dev project\\\\clone app\\\\amazon-clone\\\\functions\\\\node_modules\\\\firebase-functions\\\\lib\\\\index.js\"}"}}
[debug] [2020-10-09T13:56:13.438Z] [runtime-status] [4844] Outgoing network have been stubbed. [{"name":"http","status":"mocked"},{"name":"http","status":"mocked"},{"name":"https","status":"mocked"},{"name":"https","status":"mocked"},{"name":"net","status":"mocked"}] {"metadata":{"emulator":{"name":"functions"},"message":"[runtime-status] [4844] Outgoing network have been stubbed. [{\"name\":\"http\",\"status\":\"mocked\"},{\"name\":\"http\",\"status\":\"mocked\"},{\"name\":\"https\",\"status\":\"mocked\"},{\"name\":\"https\",\"status\":\"mocked\"},{\"name\":\"net\",\"status\":\"mocked\"}]"}}
[debug] [2020-10-09T13:56:13.439Z] [runtime-status] [4844] Resolved module firebase-functions {"declared":true,"installed":true,"version":"3.11.0","resolution":"H:\\Web dev project\\clone app\\amazon-clone\\functions\\node_modules\\firebase-functions\\lib\\index.js"} {"metadata":{"emulator":{"name":"functions"},"message":"[runtime-status] [4844] Resolved module firebase-functions {\"declared\":true,\"installed\":true,\"version\":\"3.11.0\",\"resolution\":\"H:\\\\Web dev project\\\\clone app\\\\amazon-clone\\\\functions\\\\node_modules\\\\firebase-functions\\\\lib\\\\index.js\"}"}}
[debug] [2020-10-09T13:56:14.263Z] [runtime-status] [4844] Checked functions.config() {"config":{}} {"metadata":{"emulator":{"name":"functions"},"message":"[runtime-status] [4844] Checked functions.config() {\"config\":{}}"}}
[debug] [2020-10-09T13:56:14.264Z] [runtime-status] [4844] firebase-functions has been stubbed. {"functionsResolution":{"declared":true,"installed":true,"version":"3.11.0","resolution":"H:\\Web dev project\\clone app\\amazon-clone\\functions\\node_modules\\firebase-functions\\lib\\index.js"}} {"metadata":{"emulator":{"name":"functions"},"message":"[runtime-status] [4844] firebase-functions has been stubbed. {\"functionsResolution\":{\"declared\":true,\"installed\":true,\"version\":\"3.11.0\",\"resolution\":\"H:\\\\Web dev project\\\\clone app\\\\amazon-clone\\\\functions\\\\node_modules\\\\firebase-functions\\\\lib\\\\index.js\"}}"}}
[debug] [2020-10-09T13:56:14.266Z] [runtime-status] [4844] Resolved module firebase-functions {"declared":true,"installed":true,"version":"3.11.0","resolution":"H:\\Web dev project\\clone app\\amazon-clone\\functions\\node_modules\\firebase-functions\\lib\\index.js"} {"metadata":{"emulator":{"name":"functions"},"message":"[runtime-status] [4844] Resolved module firebase-functions {\"declared\":true,\"installed\":true,\"version\":\"3.11.0\",\"resolution\":\"H:\\\\Web dev project\\\\clone app\\\\amazon-clone\\\\functions\\\\node_modules\\\\firebase-functions\\\\lib\\\\index.js\"}"}}
[debug] [2020-10-09T13:56:14.270Z] [runtime-status] [4844] Resolved module firebase-admin {"declared":true,"installed":true,"version":"8.13.0","resolution":"H:\\Web dev project\\clone app\\amazon-clone\\functions\\node_modules\\firebase-admin\\lib\\index.js"} {"metadata":{"emulator":{"name":"functions"},"message":"[runtime-status] [4844] Resolved module firebase-admin {\"declared\":true,\"installed\":true,\"version\":\"8.13.0\",\"resolution\":\"H:\\\\Web dev project\\\\clone app\\\\amazon-clone\\\\functions\\\\node_modules\\\\firebase-admin\\\\lib\\\\index.js\"}"}}
[debug] [2020-10-09T13:56:14.271Z] [runtime-status] [4844] Resolved module firebase-functions {"declared":true,"installed":true,"version":"3.11.0","resolution":"H:\\Web dev project\\clone app\\amazon-clone\\functions\\node_modules\\firebase-functions\\lib\\index.js"} {"metadata":{"emulator":{"name":"functions"},"message":"[runtime-status] [4844] Resolved module firebase-functions {\"declared\":true,\"installed\":true,\"version\":\"3.11.0\",\"resolution\":\"H:\\\\Web dev project\\\\clone app\\\\amazon-clone\\\\functions\\\\node_modules\\\\firebase-functions\\\\lib\\\\index.js\"}"}}
[debug] [2020-10-09T13:56:14.272Z] [runtime-status] [4844] firebase-admin has been stubbed. {"adminResolution":{"declared":true,"installed":true,"version":"8.13.0","resolution":"H:\\Web dev project\\clone app\\amazon-clone\\functions\\node_modules\\firebase-admin\\lib\\index.js"}} {"metadata":{"emulator":{"name":"functions"},"message":"[runtime-status] [4844] firebase-admin has been stubbed. {\"adminResolution\":{\"declared\":true,\"installed\":true,\"version\":\"8.13.0\",\"resolution\":\"H:\\\\Web dev project\\\\clone app\\\\amazon-clone\\\\functions\\\\node_modules\\\\firebase-admin\\\\lib\\\\index.js\"}}"}}
[info] +  functions[api]: http function initialized (http://localhost:5001/clone-react-d7b9d/us-central1/api). {"metadata":{"emulator":{"name":"functions"},"message":"\u001b[1mhttp\u001b[22m function initialized (http://localhost:5001/clone-react-d7b9d/us-central1/api)."}}
[info] 
┌───────────────────────────────────────────────────────────────────────┐
│ ✔  All emulators ready! View status and logs at http://localhost:4004 │
└───────────────────────────────────────────────────────────────────────┘

┌───────────┬────────────────┬─────────────────────────────────┐
│ Emulator  │ Host:Port      │ View in Emulator UI             │
├───────────┼────────────────┼─────────────────────────────────┤
│ Functions │ localhost:5001 │ http://localhost:4004/functions │
├───────────┼────────────────┼─────────────────────────────────┤
│ Hosting   │ localhost:5000 │ n/a                             │
└───────────┴────────────────┴─────────────────────────────────┘
  Other reserved ports: 4400, 4500

Issues? Report them at https://github.com/firebase/firebase-tools/issues and attach the *-debug.log files.
 
[debug] [2020-10-09T13:56:17.977Z] [worker-~diagnostic~-0827f258-5809-495d-b344-866f051c43b8]: IDLE {"metadata":{"emulator":{"name":"functions"},"message":"[worker-~diagnostic~-0827f258-5809-495d-b344-866f051c43b8]: IDLE"}}
[debug] [2020-10-09T13:56:38.828Z] [work-queue] {"queueLength":1,"workRunningCount":0}
[debug] [2020-10-09T13:56:38.829Z] [work-queue] {"queueLength":0,"workRunningCount":1}
[debug] [2020-10-09T13:56:38.830Z] Accepted request GET /clone-react-d7b9d/us-central1/api --> api
[debug] [2020-10-09T13:56:38.840Z] [worker-pool] addWorker(api) {"metadata":{"emulator":{"name":"functions"},"message":"[worker-pool] addWorker(api)"}}
[debug] [2020-10-09T13:56:38.841Z] [worker-pool] Adding worker with key api, total=1 {"metadata":{"emulator":{"name":"functions"},"message":"[worker-pool] Adding worker with key api, total=1"}}
[debug] [2020-10-09T13:56:38.841Z] [worker-pool] submitWork(triggerId=api) {"metadata":{"emulator":{"name":"functions"},"message":"[worker-pool] submitWork(triggerId=api)"}}
[debug] [2020-10-09T13:56:38.842Z] [worker-api-d219c160-22fc-4e8d-8979-c66bb33e4fec]: Assigning socketPath: \\?\pipe\H:\Web dev project\clone app\amazon-clone\functions\14172 {"metadata":{"emulator":{"name":"functions"},"message":"[worker-api-d219c160-22fc-4e8d-8979-c66bb33e4fec]: Assigning socketPath: \\\\?\\pipe\\H:\\Web dev project\\clone app\\amazon-clone\\functions\\14172"}}
[debug] [2020-10-09T13:56:38.842Z] [worker-api-d219c160-22fc-4e8d-8979-c66bb33e4fec]: BUSY {"metadata":{"emulator":{"name":"functions"},"message":"[worker-api-d219c160-22fc-4e8d-8979-c66bb33e4fec]: BUSY"}}
[debug] [2020-10-09T13:56:39.854Z] [runtime-status] [14172] Functions runtime initialized. {"cwd":"H:\\Web dev project\\clone app\\amazon-clone\\functions","node_version":"12.19.0"} {"metadata":{"emulator":{"name":"functions"},"function":{"name":"api"},"message":"[runtime-status] [14172] Functions runtime initialized. {\"cwd\":\"H:\\\\Web dev project\\\\clone app\\\\amazon-clone\\\\functions\",\"node_version\":\"12.19.0\"}"}}
[debug] [2020-10-09T13:56:39.865Z] [runtime-status] [14172] Disabled runtime features: undefined {"metadata":{"emulator":{"name":"functions"},"function":{"name":"api"},"message":"[runtime-status] [14172] Disabled runtime features: undefined"}}
[debug] [2020-10-09T13:56:39.874Z] [runtime-status] [14172] Resolved module firebase-admin {"declared":true,"installed":true,"version":"8.13.0","resolution":"H:\\Web dev project\\clone app\\amazon-clone\\functions\\node_modules\\firebase-admin\\lib\\index.js"} {"metadata":{"emulator":{"name":"functions"},"function":{"name":"api"},"message":"[runtime-status] [14172] Resolved module firebase-admin {\"declared\":true,\"installed\":true,\"version\":\"8.13.0\",\"resolution\":\"H:\\\\Web dev project\\\\clone app\\\\amazon-clone\\\\functions\\\\node_modules\\\\firebase-admin\\\\lib\\\\index.js\"}"}}
[debug] [2020-10-09T13:56:39.882Z] [runtime-status] [14172] Resolved module firebase-functions {"declared":true,"installed":true,"version":"3.11.0","resolution":"H:\\Web dev project\\clone app\\amazon-clone\\functions\\node_modules\\firebase-functions\\lib\\index.js"} {"metadata":{"emulator":{"name":"functions"},"function":{"name":"api"},"message":"[runtime-status] [14172] Resolved module firebase-functions {\"declared\":true,\"installed\":true,\"version\":\"3.11.0\",\"resolution\":\"H:\\\\Web dev project\\\\clone app\\\\amazon-clone\\\\functions\\\\node_modules\\\\firebase-functions\\\\lib\\\\index.js\"}"}}
[debug] [2020-10-09T13:56:39.884Z] [runtime-status] [14172] Resolved module firebase-functions {"declared":true,"installed":true,"version":"3.11.0","resolution":"H:\\Web dev project\\clone app\\amazon-clone\\functions\\node_modules\\firebase-functions\\lib\\index.js"} {"metadata":{"emulator":{"name":"functions"},"function":{"name":"api"},"message":"[runtime-status] [14172] Resolved module firebase-functions {\"declared\":true,\"installed\":true,\"version\":\"3.11.0\",\"resolution\":\"H:\\\\Web dev project\\\\clone app\\\\amazon-clone\\\\functions\\\\node_modules\\\\firebase-functions\\\\lib\\\\index.js\"}"}}
[debug] [2020-10-09T13:56:39.889Z] [runtime-status] [14172] Outgoing network have been stubbed. [{"name":"http","status":"mocked"},{"name":"http","status":"mocked"},{"name":"https","status":"mocked"},{"name":"https","status":"mocked"},{"name":"net","status":"mocked"}] {"metadata":{"emulator":{"name":"functions"},"function":{"name":"api"},"message":"[runtime-status] [14172] Outgoing network have been stubbed. [{\"name\":\"http\",\"status\":\"mocked\"},{\"name\":\"http\",\"status\":\"mocked\"},{\"name\":\"https\",\"status\":\"mocked\"},{\"name\":\"https\",\"status\":\"mocked\"},{\"name\":\"net\",\"status\":\"mocked\"}]"}}
[debug] [2020-10-09T13:56:39.891Z] [runtime-status] [14172] Resolved module firebase-functions {"declared":true,"installed":true,"version":"3.11.0","resolution":"H:\\Web dev project\\clone app\\amazon-clone\\functions\\node_modules\\firebase-functions\\lib\\index.js"} {"metadata":{"emulator":{"name":"functions"},"function":{"name":"api"},"message":"[runtime-status] [14172] Resolved module firebase-functions {\"declared\":true,\"installed\":true,\"version\":\"3.11.0\",\"resolution\":\"H:\\\\Web dev project\\\\clone app\\\\amazon-clone\\\\functions\\\\node_modules\\\\firebase-functions\\\\lib\\\\index.js\"}"}}
[debug] [2020-10-09T13:56:39.989Z] [runtime-status] [14172] Checked functions.config() {"config":{}} {"metadata":{"emulator":{"name":"functions"},"function":{"name":"api"},"message":"[runtime-status] [14172] Checked functions.config() {\"config\":{}}"}}
[debug] [2020-10-09T13:56:39.989Z] [runtime-status] [14172] firebase-functions has been stubbed. {"functionsResolution":{"declared":true,"installed":true,"version":"3.11.0","resolution":"H:\\Web dev project\\clone app\\amazon-clone\\functions\\node_modules\\firebase-functions\\lib\\index.js"}} {"metadata":{"emulator":{"name":"functions"},"function":{"name":"api"},"message":"[runtime-status] [14172] firebase-functions has been stubbed. {\"functionsResolution\":{\"declared\":true,\"installed\":true,\"version\":\"3.11.0\",\"resolution\":\"H:\\\\Web dev project\\\\clone app\\\\amazon-clone\\\\functions\\\\node_modules\\\\firebase-functions\\\\lib\\\\index.js\"}}"}}
[debug] [2020-10-09T13:56:39.991Z] [runtime-status] [14172] Resolved module firebase-functions {"declared":true,"installed":true,"version":"3.11.0","resolution":"H:\\Web dev project\\clone app\\amazon-clone\\functions\\node_modules\\firebase-functions\\lib\\index.js"} {"metadata":{"emulator":{"name":"functions"},"function":{"name":"api"},"message":"[runtime-status] [14172] Resolved module firebase-functions {\"declared\":true,\"installed\":true,\"version\":\"3.11.0\",\"resolution\":\"H:\\\\Web dev project\\\\clone app\\\\amazon-clone\\\\functions\\\\node_modules\\\\firebase-functions\\\\lib\\\\index.js\"}"}}
[debug] [2020-10-09T13:56:39.995Z] [runtime-status] [14172] Resolved module firebase-admin {"declared":true,"installed":true,"version":"8.13.0","resolution":"H:\\Web dev project\\clone app\\amazon-clone\\functions\\node_modules\\firebase-admin\\lib\\index.js"} {"metadata":{"emulator":{"name":"functions"},"function":{"name":"api"},"message":"[runtime-status] [14172] Resolved module firebase-admin {\"declared\":true,\"installed\":true,\"version\":\"8.13.0\",\"resolution\":\"H:\\\\Web dev project\\\\clone app\\\\amazon-clone\\\\functions\\\\node_modules\\\\firebase-admin\\\\lib\\\\index.js\"}"}}
[debug] [2020-10-09T13:56:39.996Z] [runtime-status] [14172] Resolved module firebase-functions {"declared":true,"installed":true,"version":"3.11.0","resolution":"H:\\Web dev project\\clone app\\amazon-clone\\functions\\node_modules\\firebase-functions\\lib\\index.js"} {"metadata":{"emulator":{"name":"functions"},"function":{"name":"api"},"message":"[runtime-status] [14172] Resolved module firebase-functions {\"declared\":true,\"installed\":true,\"version\":\"3.11.0\",\"resolution\":\"H:\\\\Web dev project\\\\clone app\\\\amazon-clone\\\\functions\\\\node_modules\\\\firebase-functions\\\\lib\\\\index.js\"}"}}
[debug] [2020-10-09T13:56:39.996Z] [runtime-status] [14172] firebase-admin has been stubbed. {"adminResolution":{"declared":true,"installed":true,"version":"8.13.0","resolution":"H:\\Web dev project\\clone app\\amazon-clone\\functions\\node_modules\\firebase-admin\\lib\\index.js"}} {"metadata":{"emulator":{"name":"functions"},"function":{"name":"api"},"message":"[runtime-status] [14172] firebase-admin has been stubbed. {\"adminResolution\":{\"declared\":true,\"installed\":true,\"version\":\"8.13.0\",\"resolution\":\"H:\\\\Web dev project\\\\clone app\\\\amazon-clone\\\\functions\\\\node_modules\\\\firebase-admin\\\\lib\\\\index.js\"}}"}}
[debug] [2020-10-09T13:56:40.361Z] [runtime-status] [14172] Trigger "api" has been found, beginning invocation! {"metadata":{"emulator":{"name":"functions"},"function":{"name":"api"},"message":"[runtime-status] [14172] Trigger \"api\" has been found, beginning invocation!"}}
[info] i  functions: Beginning execution of "api" {"metadata":{"emulator":{"name":"functions"},"function":{"name":"api"},"message":"Beginning execution of \"api\""}}
[debug] [2020-10-09T13:56:40.364Z] [runtime-status] [14172] triggerDefinition {"httpsTrigger":{},"name":"api","entryPoint":"api"} {"metadata":{"emulator":{"name":"functions"},"function":{"name":"api"},"message":"[runtime-status] [14172] triggerDefinition {\"httpsTrigger\":{},\"name\":\"api\",\"entryPoint\":\"api\"}"}}
[debug] [2020-10-09T13:56:40.365Z] [runtime-status] [14172] Running api in mode HTTPS {"metadata":{"emulator":{"name":"functions"},"function":{"name":"api"},"message":"[runtime-status] [14172] Running api in mode HTTPS"}}
[debug] [2020-10-09T13:56:40.378Z] [runtime-status] [14172] Attempting to listen to socketPath: \\?\pipe\H:\Web dev project\clone app\amazon-clone\functions\14172 {"metadata":{"emulator":{"name":"functions"},"function":{"name":"api"},"message":"[runtime-status] [14172] Attempting to listen to socketPath: \\\\?\\pipe\\H:\\Web dev project\\clone app\\amazon-clone\\functions\\14172"}}
[debug] [2020-10-09T13:56:40.386Z] [functions] Runtime ready! Sending request! {"metadata":{"emulator":{"name":"functions"},"message":"[functions] Runtime ready! Sending request!"}}
[debug] [2020-10-09T13:56:40.411Z] [runtime-status] [14172] Ephemeral server handling GET request {"metadata":{"emulator":{"name":"functions"},"function":{"name":"api"},"message":"[runtime-status] [14172] Ephemeral server handling GET request"}}
[debug] [2020-10-09T13:56:40.449Z] [runtime-status] [14172] Ephemeral server survived. {"metadata":{"emulator":{"name":"functions"},"function":{"name":"api"},"message":"[runtime-status] [14172] Ephemeral server survived."}}
[info] i  functions: Finished "api" in ~1s {"metadata":{"emulator":{"name":"functions"},"function":{"name":"api"},"message":"Finished \"api\" in ~1s"}}
[debug] [2020-10-09T13:56:40.461Z] [worker-api-d219c160-22fc-4e8d-8979-c66bb33e4fec]: IDLE {"metadata":{"emulator":{"name":"functions"},"message":"[worker-api-d219c160-22fc-4e8d-8979-c66bb33e4fec]: IDLE"}}
[debug] [2020-10-09T13:56:40.462Z] [work-queue] {"queueLength":0,"workRunningCount":0}
[debug] [2020-10-09T14:00:39.456Z] [work-queue] {"queueLength":1,"workRunningCount":0}
[debug] [2020-10-09T14:00:39.457Z] [work-queue] {"queueLength":0,"workRunningCount":1}
[debug] [2020-10-09T14:00:39.457Z] Accepted request POST /clone-react-d7b9d/us-central1/api/payment/create?total=310400 --> api
[debug] [2020-10-09T14:00:39.457Z] [worker-pool] submitWork(triggerId=api) {"metadata":{"emulator":{"name":"functions"},"message":"[worker-pool] submitWork(triggerId=api)"}}
[debug] [2020-10-09T14:00:39.458Z] [worker-api-d219c160-22fc-4e8d-8979-c66bb33e4fec]: Assigning socketPath: \\?\pipe\H:\Web dev project\clone app\amazon-clone\functions\14172 {"metadata":{"emulator":{"name":"functions"},"message":"[worker-api-d219c160-22fc-4e8d-8979-c66bb33e4fec]: Assigning socketPath: \\\\?\\pipe\\H:\\Web dev project\\clone app\\amazon-clone\\functions\\14172"}}
[debug] [2020-10-09T14:00:39.458Z] [worker-api-d219c160-22fc-4e8d-8979-c66bb33e4fec]: BUSY {"metadata":{"emulator":{"name":"functions"},"message":"[worker-api-d219c160-22fc-4e8d-8979-c66bb33e4fec]: BUSY"}}
[debug] [2020-10-09T14:00:39.472Z] [runtime-status] [14172] Trigger "api" has been found, beginning invocation! {"metadata":{"emulator":{"name":"functions"},"function":{"name":"api"},"message":"[runtime-status] [14172] Trigger \"api\" has been found, beginning invocation!"}}
[info] i  functions: Beginning execution of "api" {"metadata":{"emulator":{"name":"functions"},"function":{"name":"api"},"message":"Beginning execution of \"api\""}}
[debug] [2020-10-09T14:00:39.477Z] [runtime-status] [14172] triggerDefinition {"httpsTrigger":{},"name":"api","entryPoint":"api"} {"metadata":{"emulator":{"name":"functions"},"function":{"name":"api"},"message":"[runtime-status] [14172] triggerDefinition {\"httpsTrigger\":{},\"name\":\"api\",\"entryPoint\":\"api\"}"}}
[debug] [2020-10-09T14:00:39.478Z] [runtime-status] [14172] Running api in mode HTTPS {"metadata":{"emulator":{"name":"functions"},"function":{"name":"api"},"message":"[runtime-status] [14172] Running api in mode HTTPS"}}
[debug] [2020-10-09T14:00:39.479Z] [runtime-status] [14172] Attempting to listen to socketPath: \\?\pipe\H:\Web dev project\clone app\amazon-clone\functions\14172 {"metadata":{"emulator":{"name":"functions"},"function":{"name":"api"},"message":"[runtime-status] [14172] Attempting to listen to socketPath: \\\\?\\pipe\\H:\\Web dev project\\clone app\\amazon-clone\\functions\\14172"}}
[debug] [2020-10-09T14:00:39.485Z] [functions] Runtime ready! Sending request! {"metadata":{"emulator":{"name":"functions"},"message":"[functions] Runtime ready! Sending request!"}}
[debug] [2020-10-09T14:00:39.496Z] [runtime-status] [14172] Ephemeral server handling POST request {"metadata":{"emulator":{"name":"functions"},"function":{"name":"api"},"message":"[runtime-status] [14172] Ephemeral server handling POST request"}}
[debug] [2020-10-09T14:00:39.506Z] [runtime-status] [14172] Ephemeral server survived. {"metadata":{"emulator":{"name":"functions"},"function":{"name":"api"},"message":"[runtime-status] [14172] Ephemeral server survived."}}
[info] i  functions: Finished "api" in ~1s {"metadata":{"emulator":{"name":"functions"},"function":{"name":"api"},"message":"Finished \"api\" in ~1s"}}
[debug] [2020-10-09T14:00:39.509Z] [worker-api-d219c160-22fc-4e8d-8979-c66bb33e4fec]: IDLE {"metadata":{"emulator":{"name":"functions"},"message":"[worker-api-d219c160-22fc-4e8d-8979-c66bb33e4fec]: IDLE"}}
[debug] [2020-10-09T14:00:39.510Z] [work-queue] {"queueLength":0,"workRunningCount":0}
[debug] [2020-10-09T14:01:03.916Z] [work-queue] {"queueLength":1,"workRunningCount":0}
[debug] [2020-10-09T14:01:03.917Z] [work-queue] {"queueLength":0,"workRunningCount":1}
[debug] [2020-10-09T14:01:03.917Z] Accepted request POST /clone-react-d7b9d/us-central1/api/payment/create?total=0 --> api
[debug] [2020-10-09T14:01:03.918Z] [worker-pool] submitWork(triggerId=api) {"metadata":{"emulator":{"name":"functions"},"message":"[worker-pool] submitWork(triggerId=api)"}}
[debug] [2020-10-09T14:01:03.918Z] [worker-api-d219c160-22fc-4e8d-8979-c66bb33e4fec]: Assigning socketPath: \\?\pipe\H:\Web dev project\clone app\amazon-clone\functions\14172 {"metadata":{"emulator":{"name":"functions"},"message":"[worker-api-d219c160-22fc-4e8d-8979-c66bb33e4fec]: Assigning socketPath: \\\\?\\pipe\\H:\\Web dev project\\clone app\\amazon-clone\\functions\\14172"}}
[debug] [2020-10-09T14:01:03.918Z] [worker-api-d219c160-22fc-4e8d-8979-c66bb33e4fec]: BUSY {"metadata":{"emulator":{"name":"functions"},"message":"[worker-api-d219c160-22fc-4e8d-8979-c66bb33e4fec]: BUSY"}}
[debug] [2020-10-09T14:01:03.926Z] [runtime-status] [14172] Trigger "api" has been found, beginning invocation! {"metadata":{"emulator":{"name":"functions"},"function":{"name":"api"},"message":"[runtime-status] [14172] Trigger \"api\" has been found, beginning invocation!"}}
[info] i  functions: Beginning execution of "api" {"metadata":{"emulator":{"name":"functions"},"function":{"name":"api"},"message":"Beginning execution of \"api\""}}
[debug] [2020-10-09T14:01:03.928Z] [runtime-status] [14172] triggerDefinition {"httpsTrigger":{},"name":"api","entryPoint":"api"} {"metadata":{"emulator":{"name":"functions"},"function":{"name":"api"},"message":"[runtime-status] [14172] triggerDefinition {\"httpsTrigger\":{},\"name\":\"api\",\"entryPoint\":\"api\"}"}}
[debug] [2020-10-09T14:01:03.928Z] [runtime-status] [14172] Running api in mode HTTPS {"metadata":{"emulator":{"name":"functions"},"function":{"name":"api"},"message":"[runtime-status] [14172] Running api in mode HTTPS"}}
[debug] [2020-10-09T14:01:03.934Z] [runtime-status] [14172] Attempting to listen to socketPath: \\?\pipe\H:\Web dev project\clone app\amazon-clone\functions\14172 {"metadata":{"emulator":{"name":"functions"},"function":{"name":"api"},"message":"[runtime-status] [14172] Attempting to listen to socketPath: \\\\?\\pipe\\H:\\Web dev project\\clone app\\amazon-clone\\functions\\14172"}}
[debug] [2020-10-09T14:01:03.944Z] [functions] Runtime ready! Sending request! {"metadata":{"emulator":{"name":"functions"},"message":"[functions] Runtime ready! Sending request!"}}
[debug] [2020-10-09T14:01:03.989Z] [runtime-status] [14172] Ephemeral server handling POST request {"metadata":{"emulator":{"name":"functions"},"function":{"name":"api"},"message":"[runtime-status] [14172] Ephemeral server handling POST request"}}
[debug] [2020-10-09T14:01:03.989Z] [runtime-status] [14172] Ephemeral server survived. {"metadata":{"emulator":{"name":"functions"},"function":{"name":"api"},"message":"[runtime-status] [14172] Ephemeral server survived."}}
[info] i  functions: Finished "api" in ~1s {"metadata":{"emulator":{"name":"functions"},"function":{"name":"api"},"message":"Finished \"api\" in ~1s"}}
[debug] [2020-10-09T14:01:04.031Z] [worker-api-d219c160-22fc-4e8d-8979-c66bb33e4fec]: IDLE {"metadata":{"emulator":{"name":"functions"},"message":"[worker-api-d219c160-22fc-4e8d-8979-c66bb33e4fec]: IDLE"}}
[debug] [2020-10-09T14:01:04.031Z] [work-queue] {"queueLength":0,"workRunningCount":0}
[debug] [2020-10-09T14:01:13.202Z] [work-queue] {"queueLength":1,"workRunningCount":0}
[debug] [2020-10-09T14:01:13.202Z] [work-queue] {"queueLength":0,"workRunningCount":1}
[debug] [2020-10-09T14:01:13.203Z] Accepted request POST /clone-react-d7b9d/us-central1/api/payment/create?total=310400 --> api
[debug] [2020-10-09T14:01:13.204Z] [worker-pool] submitWork(triggerId=api) {"metadata":{"emulator":{"name":"functions"},"message":"[worker-pool] submitWork(triggerId=api)"}}
[debug] [2020-10-09T14:01:13.204Z] [worker-api-d219c160-22fc-4e8d-8979-c66bb33e4fec]: Assigning socketPath: \\?\pipe\H:\Web dev project\clone app\amazon-clone\functions\14172 {"metadata":{"emulator":{"name":"functions"},"message":"[worker-api-d219c160-22fc-4e8d-8979-c66bb33e4fec]: Assigning socketPath: \\\\?\\pipe\\H:\\Web dev project\\clone app\\amazon-clone\\functions\\14172"}}
[debug] [2020-10-09T14:01:13.204Z] [worker-api-d219c160-22fc-4e8d-8979-c66bb33e4fec]: BUSY {"metadata":{"emulator":{"name":"functions"},"message":"[worker-api-d219c160-22fc-4e8d-8979-c66bb33e4fec]: BUSY"}}
[debug] [2020-10-09T14:01:13.205Z] [runtime-status] [14172] Trigger "api" has been found, beginning invocation! {"metadata":{"emulator":{"name":"functions"},"function":{"name":"api"},"message":"[runtime-status] [14172] Trigger \"api\" has been found, beginning invocation!"}}
[info] i  functions: Beginning execution of "api" {"metadata":{"emulator":{"name":"functions"},"function":{"name":"api"},"message":"Beginning execution of \"api\""}}
[debug] [2020-10-09T14:01:13.207Z] [runtime-status] [14172] triggerDefinition {"httpsTrigger":{},"name":"api","entryPoint":"api"} {"metadata":{"emulator":{"name":"functions"},"function":{"name":"api"},"message":"[runtime-status] [14172] triggerDefinition {\"httpsTrigger\":{},\"name\":\"api\",\"entryPoint\":\"api\"}"}}
[debug] [2020-10-09T14:01:13.208Z] [runtime-status] [14172] Running api in mode HTTPS {"metadata":{"emulator":{"name":"functions"},"function":{"name":"api"},"message":"[runtime-status] [14172] Running api in mode HTTPS"}}
[debug] [2020-10-09T14:01:13.208Z] [runtime-status] [14172] Attempting to listen to socketPath: \\?\pipe\H:\Web dev project\clone app\amazon-clone\functions\14172 {"metadata":{"emulator":{"name":"functions"},"function":{"name":"api"},"message":"[runtime-status] [14172] Attempting to listen to socketPath: \\\\?\\pipe\\H:\\Web dev project\\clone app\\amazon-clone\\functions\\14172"}}
[debug] [2020-10-09T14:01:13.210Z] [functions] Runtime ready! Sending request! {"metadata":{"emulator":{"name":"functions"},"message":"[functions] Runtime ready! Sending request!"}}
[debug] [2020-10-09T14:01:13.218Z] [runtime-status] [14172] Ephemeral server handling POST request {"metadata":{"emulator":{"name":"functions"},"function":{"name":"api"},"message":"[runtime-status] [14172] Ephemeral server handling POST request"}}
[debug] [2020-10-09T14:01:13.221Z] [runtime-status] [14172] Ephemeral server survived. {"metadata":{"emulator":{"name":"functions"},"function":{"name":"api"},"message":"[runtime-status] [14172] Ephemeral server survived."}}
[info] i  functions: Finished "api" in ~1s {"metadata":{"emulator":{"name":"functions"},"function":{"name":"api"},"message":"Finished \"api\" in ~1s"}}
[debug] [2020-10-09T14:01:13.223Z] [worker-api-d219c160-22fc-4e8d-8979-c66bb33e4fec]: IDLE {"metadata":{"emulator":{"name":"functions"},"message":"[worker-api-d219c160-22fc-4e8d-8979-c66bb33e4fec]: IDLE"}}
[debug] [2020-10-09T14:01:13.224Z] [work-queue] {"queueLength":0,"workRunningCount":0}
[debug] [2020-10-09T16:02:02.416Z] [work-queue] {"queueLength":1,"workRunningCount":0}
[debug] [2020-10-09T16:02:02.440Z] [work-queue] {"queueLength":0,"workRunningCount":1}
[debug] [2020-10-09T16:02:02.443Z] Accepted request POST /clone-react-d7b9d/us-central1/api/payment/create?total=0 --> api
[debug] [2020-10-09T16:02:02.453Z] [worker-pool] submitWork(triggerId=api) {"metadata":{"emulator":{"name":"functions"},"message":"[worker-pool] submitWork(triggerId=api)"}}
[debug] [2020-10-09T16:02:02.456Z] [worker-api-d219c160-22fc-4e8d-8979-c66bb33e4fec]: Assigning socketPath: \\?\pipe\H:\Web dev project\clone app\amazon-clone\functions\14172 {"metadata":{"emulator":{"name":"functions"},"message":"[worker-api-d219c160-22fc-4e8d-8979-c66bb33e4fec]: Assigning socketPath: \\\\?\\pipe\\H:\\Web dev project\\clone app\\amazon-clone\\functions\\14172"}}
[debug] [2020-10-09T16:02:02.456Z] [worker-api-d219c160-22fc-4e8d-8979-c66bb33e4fec]: BUSY {"metadata":{"emulator":{"name":"functions"},"message":"[worker-api-d219c160-22fc-4e8d-8979-c66bb33e4fec]: BUSY"}}
[debug] [2020-10-09T16:02:02.532Z] [runtime-status] [14172] Trigger "api" has been found, beginning invocation! {"metadata":{"emulator":{"name":"functions"},"function":{"name":"api"},"message":"[runtime-status] [14172] Trigger \"api\" has been found, beginning invocation!"}}
[info] i  functions: Beginning execution of "api" {"metadata":{"emulator":{"name":"functions"},"function":{"name":"api"},"message":"Beginning execution of \"api\""}}
[debug] [2020-10-09T16:02:02.570Z] [runtime-status] [14172] triggerDefinition {"httpsTrigger":{},"name":"api","entryPoint":"api"} {"metadata":{"emulator":{"name":"functions"},"function":{"name":"api"},"message":"[runtime-status] [14172] triggerDefinition {\"httpsTrigger\":{},\"name\":\"api\",\"entryPoint\":\"api\"}"}}
[debug] [2020-10-09T16:02:02.571Z] [runtime-status] [14172] Running api in mode HTTPS {"metadata":{"emulator":{"name":"functions"},"function":{"name":"api"},"message":"[runtime-status] [14172] Running api in mode HTTPS"}}
[debug] [2020-10-09T16:02:02.572Z] [runtime-status] [14172] Attempting to listen to socketPath: \\?\pipe\H:\Web dev project\clone app\amazon-clone\functions\14172 {"metadata":{"emulator":{"name":"functions"},"function":{"name":"api"},"message":"[runtime-status] [14172] Attempting to listen to socketPath: \\\\?\\pipe\\H:\\Web dev project\\clone app\\amazon-clone\\functions\\14172"}}
[debug] [2020-10-09T16:02:02.632Z] [functions] Runtime ready! Sending request! {"metadata":{"emulator":{"name":"functions"},"message":"[functions] Runtime ready! Sending request!"}}
[debug] [2020-10-09T16:02:02.697Z] [runtime-status] [14172] Ephemeral server handling POST request {"metadata":{"emulator":{"name":"functions"},"function":{"name":"api"},"message":"[runtime-status] [14172] Ephemeral server handling POST request"}}
[debug] [2020-10-09T16:02:02.717Z] [runtime-status] [14172] Ephemeral server survived. {"metadata":{"emulator":{"name":"functions"},"function":{"name":"api"},"message":"[runtime-status] [14172] Ephemeral server survived."}}
[info] i  functions: Finished "api" in ~1s {"metadata":{"emulator":{"name":"functions"},"function":{"name":"api"},"message":"Finished \"api\" in ~1s"}}
[debug] [2020-10-09T16:02:02.720Z] [worker-api-d219c160-22fc-4e8d-8979-c66bb33e4fec]: IDLE {"metadata":{"emulator":{"name":"functions"},"message":"[worker-api-d219c160-22fc-4e8d-8979-c66bb33e4fec]: IDLE"}}
[debug] [2020-10-09T16:02:02.720Z] [work-queue] {"queueLength":0,"workRunningCount":0}
[debug] [2020-10-09T16:02:18.282Z] [work-queue] {"queueLength":1,"workRunningCount":0}
[debug] [2020-10-09T16:02:18.282Z] [work-queue] {"queueLength":0,"workRunningCount":1}
[debug] [2020-10-09T16:02:18.283Z] Accepted request POST /clone-react-d7b9d/us-central1/api/payment/create?total=0 --> api
[debug] [2020-10-09T16:02:18.283Z] [worker-pool] submitWork(triggerId=api) {"metadata":{"emulator":{"name":"functions"},"message":"[worker-pool] submitWork(triggerId=api)"}}
[debug] [2020-10-09T16:02:18.283Z] [worker-api-d219c160-22fc-4e8d-8979-c66bb33e4fec]: Assigning socketPath: \\?\pipe\H:\Web dev project\clone app\amazon-clone\functions\14172 {"metadata":{"emulator":{"name":"functions"},"message":"[worker-api-d219c160-22fc-4e8d-8979-c66bb33e4fec]: Assigning socketPath: \\\\?\\pipe\\H:\\Web dev project\\clone app\\amazon-clone\\functions\\14172"}}
[debug] [2020-10-09T16:02:18.284Z] [worker-api-d219c160-22fc-4e8d-8979-c66bb33e4fec]: BUSY {"metadata":{"emulator":{"name":"functions"},"message":"[worker-api-d219c160-22fc-4e8d-8979-c66bb33e4fec]: BUSY"}}
[debug] [2020-10-09T16:02:18.284Z] [runtime-status] [14172] Trigger "api" has been found, beginning invocation! {"metadata":{"emulator":{"name":"functions"},"function":{"name":"api"},"message":"[runtime-status] [14172] Trigger \"api\" has been found, beginning invocation!"}}
[info] i  functions: Beginning execution of "api" {"metadata":{"emulator":{"name":"functions"},"function":{"name":"api"},"message":"Beginning execution of \"api\""}}
[debug] [2020-10-09T16:02:18.287Z] [runtime-status] [14172] triggerDefinition {"httpsTrigger":{},"name":"api","entryPoint":"api"} {"metadata":{"emulator":{"name":"functions"},"function":{"name":"api"},"message":"[runtime-status] [14172] triggerDefinition {\"httpsTrigger\":{},\"name\":\"api\",\"entryPoint\":\"api\"}"}}
[debug] [2020-10-09T16:02:18.287Z] [runtime-status] [14172] Running api in mode HTTPS {"metadata":{"emulator":{"name":"functions"},"function":{"name":"api"},"message":"[runtime-status] [14172] Running api in mode HTTPS"}}
[debug] [2020-10-09T16:02:18.288Z] [runtime-status] [14172] Attempting to listen to socketPath: \\?\pipe\H:\Web dev project\clone app\amazon-clone\functions\14172 {"metadata":{"emulator":{"name":"functions"},"function":{"name":"api"},"message":"[runtime-status] [14172] Attempting to listen to socketPath: \\\\?\\pipe\\H:\\Web dev project\\clone app\\amazon-clone\\functions\\14172"}}
[debug] [2020-10-09T16:02:18.290Z] [functions] Runtime ready! Sending request! {"metadata":{"emulator":{"name":"functions"},"message":"[functions] Runtime ready! Sending request!"}}
[debug] [2020-10-09T16:02:18.295Z] [runtime-status] [14172] Ephemeral server handling POST request {"metadata":{"emulator":{"name":"functions"},"function":{"name":"api"},"message":"[runtime-status] [14172] Ephemeral server handling POST request"}}
[debug] [2020-10-09T16:02:18.299Z] [runtime-status] [14172] Ephemeral server survived. {"metadata":{"emulator":{"name":"functions"},"function":{"name":"api"},"message":"[runtime-status] [14172] Ephemeral server survived."}}
[info] i  functions: Finished "api" in ~1s {"metadata":{"emulator":{"name":"functions"},"function":{"name":"api"},"message":"Finished \"api\" in ~1s"}}
[debug] [2020-10-09T16:02:18.305Z] [worker-api-d219c160-22fc-4e8d-8979-c66bb33e4fec]: IDLE {"metadata":{"emulator":{"name":"functions"},"message":"[worker-api-d219c160-22fc-4e8d-8979-c66bb33e4fec]: IDLE"}}
[debug] [2020-10-09T16:02:18.305Z] [work-queue] {"queueLength":0,"workRunningCount":0}
[debug] [2020-10-09T16:05:03.511Z] [work-queue] {"queueLength":1,"workRunningCount":0}
[debug] [2020-10-09T16:05:03.511Z] [work-queue] {"queueLength":0,"workRunningCount":1}
[debug] [2020-10-09T16:05:03.512Z] Accepted request POST /clone-react-d7b9d/us-central1/api/payment/create?total=0 --> api
[debug] [2020-10-09T16:05:03.512Z] [worker-pool] submitWork(triggerId=api) {"metadata":{"emulator":{"name":"functions"},"message":"[worker-pool] submitWork(triggerId=api)"}}
[debug] [2020-10-09T16:05:03.513Z] [worker-api-d219c160-22fc-4e8d-8979-c66bb33e4fec]: Assigning socketPath: \\?\pipe\H:\Web dev project\clone app\amazon-clone\functions\14172 {"metadata":{"emulator":{"name":"functions"},"message":"[worker-api-d219c160-22fc-4e8d-8979-c66bb33e4fec]: Assigning socketPath: \\\\?\\pipe\\H:\\Web dev project\\clone app\\amazon-clone\\functions\\14172"}}
[debug] [2020-10-09T16:05:03.513Z] [worker-api-d219c160-22fc-4e8d-8979-c66bb33e4fec]: BUSY {"metadata":{"emulator":{"name":"functions"},"message":"[worker-api-d219c160-22fc-4e8d-8979-c66bb33e4fec]: BUSY"}}
[debug] [2020-10-09T16:05:03.516Z] [runtime-status] [14172] Trigger "api" has been found, beginning invocation! {"metadata":{"emulator":{"name":"functions"},"function":{"name":"api"},"message":"[runtime-status] [14172] Trigger \"api\" has been found, beginning invocation!"}}
[info] i  functions: Beginning execution of "api" {"metadata":{"emulator":{"name":"functions"},"function":{"name":"api"},"message":"Beginning execution of \"api\""}}
[debug] [2020-10-09T16:05:03.520Z] [runtime-status] [14172] triggerDefinition {"httpsTrigger":{},"name":"api","entryPoint":"api"} {"metadata":{"emulator":{"name":"functions"},"function":{"name":"api"},"message":"[runtime-status] [14172] triggerDefinition {\"httpsTrigger\":{},\"name\":\"api\",\"entryPoint\":\"api\"}"}}
[debug] [2020-10-09T16:05:03.520Z] [runtime-status] [14172] Running api in mode HTTPS {"metadata":{"emulator":{"name":"functions"},"function":{"name":"api"},"message":"[runtime-status] [14172] Running api in mode HTTPS"}}
[debug] [2020-10-09T16:05:03.521Z] [runtime-status] [14172] Attempting to listen to socketPath: \\?\pipe\H:\Web dev project\clone app\amazon-clone\functions\14172 {"metadata":{"emulator":{"name":"functions"},"function":{"name":"api"},"message":"[runtime-status] [14172] Attempting to listen to socketPath: \\\\?\\pipe\\H:\\Web dev project\\clone app\\amazon-clone\\functions\\14172"}}
[debug] [2020-10-09T16:05:03.523Z] [functions] Runtime ready! Sending request! {"metadata":{"emulator":{"name":"functions"},"message":"[functions] Runtime ready! Sending request!"}}
[debug] [2020-10-09T16:05:03.529Z] [runtime-status] [14172] Ephemeral server handling POST request {"metadata":{"emulator":{"name":"functions"},"function":{"name":"api"},"message":"[runtime-status] [14172] Ephemeral server handling POST request"}}
[debug] [2020-10-09T16:05:03.535Z] [runtime-status] [14172] Ephemeral server survived. {"metadata":{"emulator":{"name":"functions"},"function":{"name":"api"},"message":"[runtime-status] [14172] Ephemeral server survived."}}
[info] i  functions: Finished "api" in ~1s {"metadata":{"emulator":{"name":"functions"},"function":{"name":"api"},"message":"Finished \"api\" in ~1s"}}
[debug] [2020-10-09T16:05:03.540Z] [worker-api-d219c160-22fc-4e8d-8979-c66bb33e4fec]: IDLE {"metadata":{"emulator":{"name":"functions"},"message":"[worker-api-d219c160-22fc-4e8d-8979-c66bb33e4fec]: IDLE"}}
[debug] [2020-10-09T16:05:03.540Z] [work-queue] {"queueLength":0,"workRunningCount":0}
[debug] [2020-10-09T16:05:15.443Z] [work-queue] {"queueLength":1,"workRunningCount":0}
[debug] [2020-10-09T16:05:15.443Z] [work-queue] {"queueLength":0,"workRunningCount":1}
[debug] [2020-10-09T16:05:15.444Z] Accepted request POST /clone-react-d7b9d/us-central1/api/payment/create?total=0 --> api
[debug] [2020-10-09T16:05:15.444Z] [worker-pool] submitWork(triggerId=api) {"metadata":{"emulator":{"name":"functions"},"message":"[worker-pool] submitWork(triggerId=api)"}}
[debug] [2020-10-09T16:05:15.444Z] [worker-api-d219c160-22fc-4e8d-8979-c66bb33e4fec]: Assigning socketPath: \\?\pipe\H:\Web dev project\clone app\amazon-clone\functions\14172 {"metadata":{"emulator":{"name":"functions"},"message":"[worker-api-d219c160-22fc-4e8d-8979-c66bb33e4fec]: Assigning socketPath: \\\\?\\pipe\\H:\\Web dev project\\clone app\\amazon-clone\\functions\\14172"}}
[debug] [2020-10-09T16:05:15.444Z] [worker-api-d219c160-22fc-4e8d-8979-c66bb33e4fec]: BUSY {"metadata":{"emulator":{"name":"functions"},"message":"[worker-api-d219c160-22fc-4e8d-8979-c66bb33e4fec]: BUSY"}}
[debug] [2020-10-09T16:05:15.460Z] [runtime-status] [14172] Trigger "api" has been found, beginning invocation! {"metadata":{"emulator":{"name":"functions"},"function":{"name":"api"},"message":"[runtime-status] [14172] Trigger \"api\" has been found, beginning invocation!"}}
[info] i  functions: Beginning execution of "api" {"metadata":{"emulator":{"name":"functions"},"function":{"name":"api"},"message":"Beginning execution of \"api\""}}
[debug] [2020-10-09T16:05:15.517Z] [runtime-status] [14172] triggerDefinition {"httpsTrigger":{},"name":"api","entryPoint":"api"} {"metadata":{"emulator":{"name":"functions"},"function":{"name":"api"},"message":"[runtime-status] [14172] triggerDefinition {\"httpsTrigger\":{},\"name\":\"api\",\"entryPoint\":\"api\"}"}}
[debug] [2020-10-09T16:05:15.518Z] [runtime-status] [14172] Running api in mode HTTPS {"metadata":{"emulator":{"name":"functions"},"function":{"name":"api"},"message":"[runtime-status] [14172] Running api in mode HTTPS"}}
[debug] [2020-10-09T16:05:15.519Z] [runtime-status] [14172] Attempting to listen to socketPath: \\?\pipe\H:\Web dev project\clone app\amazon-clone\functions\14172 {"metadata":{"emulator":{"name":"functions"},"function":{"name":"api"},"message":"[runtime-status] [14172] Attempting to listen to socketPath: \\\\?\\pipe\\H:\\Web dev project\\clone app\\amazon-clone\\functions\\14172"}}
[debug] [2020-10-09T16:05:15.521Z] [functions] Runtime ready! Sending request! {"metadata":{"emulator":{"name":"functions"},"message":"[functions] Runtime ready! Sending request!"}}
[debug] [2020-10-09T16:05:15.528Z] [runtime-status] [14172] Ephemeral server handling POST request {"metadata":{"emulator":{"name":"functions"},"function":{"name":"api"},"message":"[runtime-status] [14172] Ephemeral server handling POST request"}}
[debug] [2020-10-09T16:05:15.531Z] [runtime-status] [14172] Ephemeral server survived. {"metadata":{"emulator":{"name":"functions"},"function":{"name":"api"},"message":"[runtime-status] [14172] Ephemeral server survived."}}
[info] i  functions: Finished "api" in ~1s {"metadata":{"emulator":{"name":"functions"},"function":{"name":"api"},"message":"Finished \"api\" in ~1s"}}
[debug] [2020-10-09T16:05:15.534Z] [worker-api-d219c160-22fc-4e8d-8979-c66bb33e4fec]: IDLE {"metadata":{"emulator":{"name":"functions"},"message":"[worker-api-d219c160-22fc-4e8d-8979-c66bb33e4fec]: IDLE"}}
[debug] [2020-10-09T16:05:15.535Z] [work-queue] {"queueLength":0,"workRunningCount":0}
[debug] [2020-10-09T16:06:15.628Z] [work-queue] {"queueLength":1,"workRunningCount":0}
[debug] [2020-10-09T16:06:15.628Z] [work-queue] {"queueLength":0,"workRunningCount":1}
[debug] [2020-10-09T16:06:15.628Z] Accepted request POST /clone-react-d7b9d/us-central1/api/payment/create?total=0 --> api
[debug] [2020-10-09T16:06:15.629Z] [worker-pool] submitWork(triggerId=api) {"metadata":{"emulator":{"name":"functions"},"message":"[worker-pool] submitWork(triggerId=api)"}}
[debug] [2020-10-09T16:06:15.629Z] [worker-api-d219c160-22fc-4e8d-8979-c66bb33e4fec]: Assigning socketPath: \\?\pipe\H:\Web dev project\clone app\amazon-clone\functions\14172 {"metadata":{"emulator":{"name":"functions"},"message":"[worker-api-d219c160-22fc-4e8d-8979-c66bb33e4fec]: Assigning socketPath: \\\\?\\pipe\\H:\\Web dev project\\clone app\\amazon-clone\\functions\\14172"}}
[debug] [2020-10-09T16:06:15.629Z] [worker-api-d219c160-22fc-4e8d-8979-c66bb33e4fec]: BUSY {"metadata":{"emulator":{"name":"functions"},"message":"[worker-api-d219c160-22fc-4e8d-8979-c66bb33e4fec]: BUSY"}}
[debug] [2020-10-09T16:06:15.631Z] [runtime-status] [14172] Trigger "api" has been found, beginning invocation! {"metadata":{"emulator":{"name":"functions"},"function":{"name":"api"},"message":"[runtime-status] [14172] Trigger \"api\" has been found, beginning invocation!"}}
[info] i  functions: Beginning execution of "api" {"metadata":{"emulator":{"name":"functions"},"function":{"name":"api"},"message":"Beginning execution of \"api\""}}
[debug] [2020-10-09T16:06:15.634Z] [runtime-status] [14172] triggerDefinition {"httpsTrigger":{},"name":"api","entryPoint":"api"} {"metadata":{"emulator":{"name":"functions"},"function":{"name":"api"},"message":"[runtime-status] [14172] triggerDefinition {\"httpsTrigger\":{},\"name\":\"api\",\"entryPoint\":\"api\"}"}}
[debug] [2020-10-09T16:06:15.635Z] [runtime-status] [14172] Running api in mode HTTPS {"metadata":{"emulator":{"name":"functions"},"function":{"name":"api"},"message":"[runtime-status] [14172] Running api in mode HTTPS"}}
[debug] [2020-10-09T16:06:15.637Z] [runtime-status] [14172] Attempting to listen to socketPath: \\?\pipe\H:\Web dev project\clone app\amazon-clone\functions\14172 {"metadata":{"emulator":{"name":"functions"},"function":{"name":"api"},"message":"[runtime-status] [14172] Attempting to listen to socketPath: \\\\?\\pipe\\H:\\Web dev project\\clone app\\amazon-clone\\functions\\14172"}}
[debug] [2020-10-09T16:06:15.639Z] [functions] Runtime ready! Sending request! {"metadata":{"emulator":{"name":"functions"},"message":"[functions] Runtime ready! Sending request!"}}
[debug] [2020-10-09T16:06:15.644Z] [runtime-status] [14172] Ephemeral server handling POST request {"metadata":{"emulator":{"name":"functions"},"function":{"name":"api"},"message":"[runtime-status] [14172] Ephemeral server handling POST request"}}
[debug] [2020-10-09T16:06:15.648Z] [runtime-status] [14172] Ephemeral server survived. {"metadata":{"emulator":{"name":"functions"},"function":{"name":"api"},"message":"[runtime-status] [14172] Ephemeral server survived."}}
[info] i  functions: Finished "api" in ~1s {"metadata":{"emulator":{"name":"functions"},"function":{"name":"api"},"message":"Finished \"api\" in ~1s"}}
[debug] [2020-10-09T16:06:15.652Z] [worker-api-d219c160-22fc-4e8d-8979-c66bb33e4fec]: IDLE {"metadata":{"emulator":{"name":"functions"},"message":"[worker-api-d219c160-22fc-4e8d-8979-c66bb33e4fec]: IDLE"}}
[debug] [2020-10-09T16:06:15.653Z] [work-queue] {"queueLength":0,"workRunningCount":0}
[debug] [2020-10-09T16:09:54.985Z] [work-queue] {"queueLength":1,"workRunningCount":0}
[debug] [2020-10-09T16:09:54.986Z] [work-queue] {"queueLength":0,"workRunningCount":1}
[debug] [2020-10-09T16:09:54.986Z] Accepted request POST /clone-react-d7b9d/us-central1/api/payment/create?total=0 --> api
[debug] [2020-10-09T16:09:54.986Z] [worker-pool] submitWork(triggerId=api) {"metadata":{"emulator":{"name":"functions"},"message":"[worker-pool] submitWork(triggerId=api)"}}
[debug] [2020-10-09T16:09:54.987Z] [worker-api-d219c160-22fc-4e8d-8979-c66bb33e4fec]: Assigning socketPath: \\?\pipe\H:\Web dev project\clone app\amazon-clone\functions\14172 {"metadata":{"emulator":{"name":"functions"},"message":"[worker-api-d219c160-22fc-4e8d-8979-c66bb33e4fec]: Assigning socketPath: \\\\?\\pipe\\H:\\Web dev project\\clone app\\amazon-clone\\functions\\14172"}}
[debug] [2020-10-09T16:09:54.987Z] [worker-api-d219c160-22fc-4e8d-8979-c66bb33e4fec]: BUSY {"metadata":{"emulator":{"name":"functions"},"message":"[worker-api-d219c160-22fc-4e8d-8979-c66bb33e4fec]: BUSY"}}
[debug] [2020-10-09T16:09:54.988Z] [runtime-status] [14172] Trigger "api" has been found, beginning invocation! {"metadata":{"emulator":{"name":"functions"},"function":{"name":"api"},"message":"[runtime-status] [14172] Trigger \"api\" has been found, beginning invocation!"}}
[info] i  functions: Beginning execution of "api" {"metadata":{"emulator":{"name":"functions"},"function":{"name":"api"},"message":"Beginning execution of \"api\""}}
[debug] [2020-10-09T16:09:54.991Z] [runtime-status] [14172] triggerDefinition {"httpsTrigger":{},"name":"api","entryPoint":"api"} {"metadata":{"emulator":{"name":"functions"},"function":{"name":"api"},"message":"[runtime-status] [14172] triggerDefinition {\"httpsTrigger\":{},\"name\":\"api\",\"entryPoint\":\"api\"}"}}
[debug] [2020-10-09T16:09:54.992Z] [runtime-status] [14172] Running api in mode HTTPS {"metadata":{"emulator":{"name":"functions"},"function":{"name":"api"},"message":"[runtime-status] [14172] Running api in mode HTTPS"}}
[debug] [2020-10-09T16:09:54.998Z] [runtime-status] [14172] Attempting to listen to socketPath: \\?\pipe\H:\Web dev project\clone app\amazon-clone\functions\14172 {"metadata":{"emulator":{"name":"functions"},"function":{"name":"api"},"message":"[runtime-status] [14172] Attempting to listen to socketPath: \\\\?\\pipe\\H:\\Web dev project\\clone app\\amazon-clone\\functions\\14172"}}
[debug] [2020-10-09T16:09:55.002Z] [functions] Runtime ready! Sending request! {"metadata":{"emulator":{"name":"functions"},"message":"[functions] Runtime ready! Sending request!"}}
[debug] [2020-10-09T16:09:55.007Z] [runtime-status] [14172] Ephemeral server handling POST request {"metadata":{"emulator":{"name":"functions"},"function":{"name":"api"},"message":"[runtime-status] [14172] Ephemeral server handling POST request"}}
[debug] [2020-10-09T16:09:55.011Z] [runtime-status] [14172] Ephemeral server survived. {"metadata":{"emulator":{"name":"functions"},"function":{"name":"api"},"message":"[runtime-status] [14172] Ephemeral server survived."}}
[info] i  functions: Finished "api" in ~1s {"metadata":{"emulator":{"name":"functions"},"function":{"name":"api"},"message":"Finished \"api\" in ~1s"}}
[debug] [2020-10-09T16:09:55.015Z] [worker-api-d219c160-22fc-4e8d-8979-c66bb33e4fec]: IDLE {"metadata":{"emulator":{"name":"functions"},"message":"[worker-api-d219c160-22fc-4e8d-8979-c66bb33e4fec]: IDLE"}}
[debug] [2020-10-09T16:09:55.015Z] [work-queue] {"queueLength":0,"workRunningCount":0}
[debug] [2020-10-09T16:10:14.368Z] [work-queue] {"queueLength":1,"workRunningCount":0}
[debug] [2020-10-09T16:10:14.368Z] [work-queue] {"queueLength":0,"workRunningCount":1}
[debug] [2020-10-09T16:10:14.369Z] Accepted request POST /clone-react-d7b9d/us-central1/api/payment/create?total=155200 --> api
[debug] [2020-10-09T16:10:14.369Z] [worker-pool] submitWork(triggerId=api) {"metadata":{"emulator":{"name":"functions"},"message":"[worker-pool] submitWork(triggerId=api)"}}
[debug] [2020-10-09T16:10:14.369Z] [worker-api-d219c160-22fc-4e8d-8979-c66bb33e4fec]: Assigning socketPath: \\?\pipe\H:\Web dev project\clone app\amazon-clone\functions\14172 {"metadata":{"emulator":{"name":"functions"},"message":"[worker-api-d219c160-22fc-4e8d-8979-c66bb33e4fec]: Assigning socketPath: \\\\?\\pipe\\H:\\Web dev project\\clone app\\amazon-clone\\functions\\14172"}}
[debug] [2020-10-09T16:10:14.369Z] [worker-api-d219c160-22fc-4e8d-8979-c66bb33e4fec]: BUSY {"metadata":{"emulator":{"name":"functions"},"message":"[worker-api-d219c160-22fc-4e8d-8979-c66bb33e4fec]: BUSY"}}
[debug] [2020-10-09T16:10:14.370Z] [runtime-status] [14172] Trigger "api" has been found, beginning invocation! {"metadata":{"emulator":{"name":"functions"},"function":{"name":"api"},"message":"[runtime-status] [14172] Trigger \"api\" has been found, beginning invocation!"}}
[info] i  functions: Beginning execution of "api" {"metadata":{"emulator":{"name":"functions"},"function":{"name":"api"},"message":"Beginning execution of \"api\""}}
[debug] [2020-10-09T16:10:14.371Z] [runtime-status] [14172] triggerDefinition {"httpsTrigger":{},"name":"api","entryPoint":"api"} {"metadata":{"emulator":{"name":"functions"},"function":{"name":"api"},"message":"[runtime-status] [14172] triggerDefinition {\"httpsTrigger\":{},\"name\":\"api\",\"entryPoint\":\"api\"}"}}
[debug] [2020-10-09T16:10:14.372Z] [runtime-status] [14172] Running api in mode HTTPS {"metadata":{"emulator":{"name":"functions"},"function":{"name":"api"},"message":"[runtime-status] [14172] Running api in mode HTTPS"}}
[debug] [2020-10-09T16:10:14.372Z] [runtime-status] [14172] Attempting to listen to socketPath: \\?\pipe\H:\Web dev project\clone app\amazon-clone\functions\14172 {"metadata":{"emulator":{"name":"functions"},"function":{"name":"api"},"message":"[runtime-status] [14172] Attempting to listen to socketPath: \\\\?\\pipe\\H:\\Web dev project\\clone app\\amazon-clone\\functions\\14172"}}
[debug] [2020-10-09T16:10:14.374Z] [functions] Runtime ready! Sending request! {"metadata":{"emulator":{"name":"functions"},"message":"[functions] Runtime ready! Sending request!"}}
[debug] [2020-10-09T16:10:14.379Z] [runtime-status] [14172] Ephemeral server handling POST request {"metadata":{"emulator":{"name":"functions"},"function":{"name":"api"},"message":"[runtime-status] [14172] Ephemeral server handling POST request"}}
[debug] [2020-10-09T16:10:14.381Z] [runtime-status] [14172] Ephemeral server survived. {"metadata":{"emulator":{"name":"functions"},"function":{"name":"api"},"message":"[runtime-status] [14172] Ephemeral server survived."}}
[info] i  functions: Finished "api" in ~1s {"metadata":{"emulator":{"name":"functions"},"function":{"name":"api"},"message":"Finished \"api\" in ~1s"}}
[debug] [2020-10-09T16:10:14.384Z] [worker-api-d219c160-22fc-4e8d-8979-c66bb33e4fec]: IDLE {"metadata":{"emulator":{"name":"functions"},"message":"[worker-api-d219c160-22fc-4e8d-8979-c66bb33e4fec]: IDLE"}}
[debug] [2020-10-09T16:10:14.385Z] [work-queue] {"queueLength":0,"workRunningCount":0}
[debug] [2020-10-09T16:46:38.289Z] [work-queue] {"queueLength":1,"workRunningCount":0}
[debug] [2020-10-09T16:46:38.289Z] [work-queue] {"queueLength":0,"workRunningCount":1}
[debug] [2020-10-09T16:46:38.290Z] Accepted request POST /clone-react-d7b9d/us-central1/api/payment/create?total=0 --> api
[debug] [2020-10-09T16:46:38.290Z] [worker-pool] submitWork(triggerId=api) {"metadata":{"emulator":{"name":"functions"},"message":"[worker-pool] submitWork(triggerId=api)"}}
[debug] [2020-10-09T16:46:38.291Z] [worker-api-d219c160-22fc-4e8d-8979-c66bb33e4fec]: Assigning socketPath: \\?\pipe\H:\Web dev project\clone app\amazon-clone\functions\14172 {"metadata":{"emulator":{"name":"functions"},"message":"[worker-api-d219c160-22fc-4e8d-8979-c66bb33e4fec]: Assigning socketPath: \\\\?\\pipe\\H:\\Web dev project\\clone app\\amazon-clone\\functions\\14172"}}
[debug] [2020-10-09T16:46:38.291Z] [worker-api-d219c160-22fc-4e8d-8979-c66bb33e4fec]: BUSY {"metadata":{"emulator":{"name":"functions"},"message":"[worker-api-d219c160-22fc-4e8d-8979-c66bb33e4fec]: BUSY"}}
[debug] [2020-10-09T16:46:38.293Z] [runtime-status] [14172] Trigger "api" has been found, beginning invocation! {"metadata":{"emulator":{"name":"functions"},"function":{"name":"api"},"message":"[runtime-status] [14172] Trigger \"api\" has been found, beginning invocation!"}}
[info] i  functions: Beginning execution of "api" {"metadata":{"emulator":{"name":"functions"},"function":{"name":"api"},"message":"Beginning execution of \"api\""}}
[debug] [2020-10-09T16:46:38.302Z] [runtime-status] [14172] triggerDefinition {"httpsTrigger":{},"name":"api","entryPoint":"api"} {"metadata":{"emulator":{"name":"functions"},"function":{"name":"api"},"message":"[runtime-status] [14172] triggerDefinition {\"httpsTrigger\":{},\"name\":\"api\",\"entryPoint\":\"api\"}"}}
[debug] [2020-10-09T16:46:38.302Z] [runtime-status] [14172] Running api in mode HTTPS {"metadata":{"emulator":{"name":"functions"},"function":{"name":"api"},"message":"[runtime-status] [14172] Running api in mode HTTPS"}}
[debug] [2020-10-09T16:46:38.338Z] [runtime-status] [14172] Attempting to listen to socketPath: \\?\pipe\H:\Web dev project\clone app\amazon-clone\functions\14172 {"metadata":{"emulator":{"name":"functions"},"function":{"name":"api"},"message":"[runtime-status] [14172] Attempting to listen to socketPath: \\\\?\\pipe\\H:\\Web dev project\\clone app\\amazon-clone\\functions\\14172"}}
[debug] [2020-10-09T16:46:38.342Z] [functions] Runtime ready! Sending request! {"metadata":{"emulator":{"name":"functions"},"message":"[functions] Runtime ready! Sending request!"}}
[debug] [2020-10-09T16:46:38.358Z] [runtime-status] [14172] Ephemeral server handling POST request {"metadata":{"emulator":{"name":"functions"},"function":{"name":"api"},"message":"[runtime-status] [14172] Ephemeral server handling POST request"}}
[debug] [2020-10-09T16:46:38.359Z] [runtime-status] [14172] Ephemeral server survived. {"metadata":{"emulator":{"name":"functions"},"function":{"name":"api"},"message":"[runtime-status] [14172] Ephemeral server survived."}}
[info] i  functions: Finished "api" in ~1s {"metadata":{"emulator":{"name":"functions"},"function":{"name":"api"},"message":"Finished \"api\" in ~1s"}}
[debug] [2020-10-09T16:46:38.366Z] [worker-api-d219c160-22fc-4e8d-8979-c66bb33e4fec]: IDLE {"metadata":{"emulator":{"name":"functions"},"message":"[worker-api-d219c160-22fc-4e8d-8979-c66bb33e4fec]: IDLE"}}
[debug] [2020-10-09T16:46:38.366Z] [work-queue] {"queueLength":0,"workRunningCount":0}
