[debug] [2020-10-09T05:45:48.506Z] ----------------------------------------------------------------------
[debug] [2020-10-09T05:45:48.510Z] Command:       C:\Program Files\nodejs\node.exe C:\Users\user\AppData\Roaming\npm\node_modules\firebase-tools\lib\bin\firebase.js init
[debug] [2020-10-09T05:45:48.511Z] CLI Version:   8.11.2
[debug] [2020-10-09T05:45:48.511Z] Platform:      win32
[debug] [2020-10-09T05:45:48.511Z] Node Version:  v12.18.3
[debug] [2020-10-09T05:45:48.517Z] Time:          Fri Oct 09 2020 11:45:48 GMT+0600 (Bangladesh Standard Time)
[debug] [2020-10-09T05:45:48.518Z] ----------------------------------------------------------------------
[debug] [2020-10-09T05:45:48.518Z] 
[debug] [2020-10-09T05:45:48.538Z] > command requires scopes: ["email","openid","https://www.googleapis.com/auth/cloudplatformprojects.readonly","https://www.googleapis.com/auth/firebase","https://www.googleapis.com/auth/cloud-platform"]
[debug] [2020-10-09T05:45:48.539Z] > authorizing via signed-in user
[info] 
     ######## #### ########  ######## ########     ###     ######  ########
     ##        ##  ##     ## ##       ##     ##  ##   ##  ##       ##
     ######    ##  ########  ######   ########  #########  ######  ######
     ##        ##  ##    ##  ##       ##     ## ##     ##       ## ##
     ##       #### ##     ## ######## ########  ##     ##  ######  ########

You're about to initialize a Firebase project in this directory:

  H:\Web dev project\clone app\amazon-clone

Before we get started, keep in mind:

  * You are initializing in an existing Firebase project directory

